<?xml version="1.0" encoding="UTF-8"?>
<!-- Generated by org.testng.reporters.JUnitReportReporter -->
<testsuite skipped="0" hostname="AIPL6463LT14033" name="incident.GetAllIncidentsQueryparamXML" tests="1" failures="0" timestamp="2022-02-10T23:35:08 IST" time="5.145" errors="0">
  <testcase name="GetIncidentsQueryparamXML" time="5.145" classname="incident.GetAllIncidentsQueryparamXML"/>
  <system-out/>
</testsuite> <!-- incident.GetAllIncidentsQueryparamXML -->
